<?xml version="1.0" encoding="UTF-8"?>
<!-- Generated by org.testng.reporters.JUnitReportReporter -->
<testsuite hostname="DESKTOP-OGCT9GE" failures="0" tests="2" name="practice" time="1.905" errors="0" timestamp="2025-07-14T11:04:51 EET" skipped="0">
  <testcase classname="practice" name="Login" time="1.500"/>
  <testcase classname="practice" name="AddItemsToTheCart" time="0.405"/>
</testsuite> <!-- practice -->
