<?xml version="1.0" encoding="UTF-8"?>
<!-- Generated by org.testng.reporters.JUnitReportReporter -->
<testsuite hostname="DESKTOP-OGCT9GE" failures="0" tests="2" name="practice" time="1.531" errors="0" timestamp="2025-07-13T16:56:56 EET" skipped="0">
  <testcase classname="practice" name="Login" time="1.329"/>
  <testcase classname="practice" name="AddItemsToTheCart" time="0.202"/>
</testsuite> <!-- practice -->
