<?xml version="1.0" encoding="UTF-8"?>
<!-- Generated by org.testng.reporters.JUnitReportReporter -->
<testsuite hostname="DESKTOP-OGCT9GE" failures="0" tests="6" name="MyTestCases" time="11.503" errors="0" timestamp="2025-07-11T11:20:59 EET" skipped="0">
  <testcase classname="MyTestCases" name="Login" time="1.357"/>
  <testcase classname="MyTestCases" name="AddToCart" time="1.110"/>
  <testcase classname="MyTestCases" name="RemoveFromTheCart" time="1.502"/>
  <testcase classname="MyTestCases" name="addToCartAfterTheRemove" time="2.246"/>
  <testcase classname="MyTestCases" name="CheckOutProcess" time="2.987"/>
  <testcase classname="MyTestCases" name="Logout" time="2.301"/>
</testsuite> <!-- MyTestCases -->
