<?xml version="1.0" encoding="UTF-8"?>
<!-- Generated by org.testng.reporters.JUnitReportReporter -->
<testsuite hostname="DESKTOP-OGCT9GE" failures="0" tests="2" name="Practiceswaglab" time="0.844" errors="0" timestamp="2025-07-14T11:21:54 EET" skipped="0">
  <testcase classname="Practiceswaglab" name="Login" time="0.456"/>
  <testcase classname="Practiceswaglab" name="AddToCart" time="0.388"/>
</testsuite> <!-- Practiceswaglab -->
